[2023-06-22 00:10:50.933] INFO  DESKTOP-9D8RCUQ [kground-preinit] org.hibernate.validator.internal.util.Version :
                HV000001: Hibernate Validator 8.0.0.Final
[2023-06-22 00:10:50.997] INFO  DESKTOP-9D8RCUQ [           main] com.matin.adminpanel.AdminPanelApplication :
                Starting AdminPanelApplication using Java 17.0.7 with PID 8648 (C:\Users\Mosavi\IdeaProjects\admin-panel\target\classes started by Mosavi in C:\Users\Mosavi\IdeaProjects\admin-panel)
[2023-06-22 00:10:50.999] INFO  DESKTOP-9D8RCUQ [           main] com.matin.adminpanel.AdminPanelApplication :
                No active profile set, falling back to 1 default profile: "default"
[2023-06-22 00:10:52.292] INFO  DESKTOP-9D8RCUQ [           main] org.springframework.data.repository.config.RepositoryConfigurationDelegate :
                Bootstrapping Spring Data JPA repositories in DEFAULT mode.
[2023-06-22 00:10:52.323] INFO  DESKTOP-9D8RCUQ [           main] org.springframework.data.repository.config.RepositoryConfigurationDelegate :
                Finished Spring Data repository scanning in 18 ms. Found 0 JPA repository interfaces.
[2023-06-22 00:10:52.541] INFO  DESKTOP-9D8RCUQ [           main] org.springframework.cloud.context.scope.GenericScope :
                BeanFactory id=6fbbcf03-1dc3-3676-bef3-b43b5f8815dc
[2023-06-22 00:10:52.597] INFO  DESKTOP-9D8RCUQ [           main] org.springframework.context.support.PostProcessorRegistrationDelegate$BeanPostProcessorChecker :
                Bean 'com.matin.adminpanel.feign.ProductService' of type [org.springframework.cloud.openfeign.FeignClientFactoryBean] is not eligible for getting processed by all BeanPostProcessors (for example: not eligible for auto-proxying)
[2023-06-22 00:10:52.838] INFO  DESKTOP-9D8RCUQ [           main] org.springframework.boot.web.embedded.tomcat.TomcatWebServer :
                Tomcat initialized with port(s): 8282 (http)
[2023-06-22 00:10:52.844] INFO  DESKTOP-9D8RCUQ [           main] org.apache.coyote.http11.Http11NioProtocol :
                Initializing ProtocolHandler ["http-nio-8282"]
[2023-06-22 00:10:52.845] INFO  DESKTOP-9D8RCUQ [           main] org.apache.catalina.core.StandardService :
                Starting service [Tomcat]
[2023-06-22 00:10:52.845] INFO  DESKTOP-9D8RCUQ [           main] org.apache.catalina.core.StandardEngine :
                Starting Servlet engine: [Apache Tomcat/10.1.8]
[2023-06-22 00:10:52.934] INFO  DESKTOP-9D8RCUQ [           main] org.apache.catalina.core.ContainerBase.[Tomcat].[localhost].[/] :
                Initializing Spring embedded WebApplicationContext
[2023-06-22 00:10:52.934] INFO  DESKTOP-9D8RCUQ [           main] org.springframework.boot.web.servlet.context.ServletWebServerApplicationContext :
                Root WebApplicationContext: initialization completed in 1879 ms
[2023-06-22 00:10:53.063] INFO  DESKTOP-9D8RCUQ [           main] org.hibernate.jpa.internal.util.LogHelper :
                HHH000204: Processing PersistenceUnitInfo [name: default]
[2023-06-22 00:10:53.099] INFO  DESKTOP-9D8RCUQ [           main] org.hibernate.Version :
                HHH000412: Hibernate ORM core version 6.2.2.Final
[2023-06-22 00:10:53.102] INFO  DESKTOP-9D8RCUQ [           main] org.hibernate.cfg.Environment :
                HHH000406: Using bytecode reflection optimizer
[2023-06-22 00:10:53.201] INFO  DESKTOP-9D8RCUQ [           main] org.hibernate.bytecode.internal.BytecodeProviderInitiator :
                HHH000021: Bytecode provider name : bytebuddy
[2023-06-22 00:10:53.286] INFO  DESKTOP-9D8RCUQ [           main] org.springframework.orm.jpa.persistenceunit.SpringPersistenceUnitInfo :
                No LoadTimeWeaver setup: ignoring JPA class transformer
[2023-06-22 00:10:53.303] INFO  DESKTOP-9D8RCUQ [           main] com.zaxxer.hikari.HikariDataSource :
                HikariPool-1 - Starting...
[2023-06-22 00:10:53.551] INFO  DESKTOP-9D8RCUQ [           main] com.zaxxer.hikari.pool.HikariPool :
                HikariPool-1 - Added connection org.postgresql.jdbc.PgConnection@1b791dca
[2023-06-22 00:10:53.553] INFO  DESKTOP-9D8RCUQ [           main] com.zaxxer.hikari.HikariDataSource :
                HikariPool-1 - Start completed.
[2023-06-22 00:10:53.615] INFO  DESKTOP-9D8RCUQ [           main] org.hibernate.orm.dialect :
                HHH035001: Using dialect: org.hibernate.dialect.PostgreSQLDialect, version: org.hibernate.engine.jdbc.env.internal.JdbcEnvironmentInitiator$DialectResolutionInfoImpl@2e7bb00e
[2023-06-22 00:10:53.686] INFO  DESKTOP-9D8RCUQ [           main] org.hibernate.bytecode.internal.BytecodeProviderInitiator :
                HHH000021: Bytecode provider name : bytebuddy
[2023-06-22 00:10:53.858] INFO  DESKTOP-9D8RCUQ [           main] org.hibernate.engine.transaction.jta.platform.internal.JtaPlatformInitiator :
                HHH000490: Using JtaPlatform implementation: [org.hibernate.engine.transaction.jta.platform.internal.NoJtaPlatform]
[2023-06-22 00:10:53.864] INFO  DESKTOP-9D8RCUQ [           main] org.springframework.orm.jpa.LocalContainerEntityManagerFactoryBean :
                Initialized JPA EntityManagerFactory for persistence unit 'default'
[2023-06-22 00:10:54.088] WARN  DESKTOP-9D8RCUQ [           main] org.springframework.boot.autoconfigure.orm.jpa.JpaBaseConfiguration$JpaWebConfiguration :
                spring.jpa.open-in-view is enabled by default. Therefore, database queries may be performed during view rendering. Explicitly configure spring.jpa.open-in-view to disable this warning
[2023-06-22 00:10:55.393] INFO  DESKTOP-9D8RCUQ [           main] org.apache.coyote.http11.Http11NioProtocol :
                Starting ProtocolHandler ["http-nio-8282"]
[2023-06-22 00:10:55.430] INFO  DESKTOP-9D8RCUQ [           main] org.springframework.boot.web.embedded.tomcat.TomcatWebServer :
                Tomcat started on port(s): 8282 (http) with context path ''
[2023-06-22 00:10:55.530] INFO  DESKTOP-9D8RCUQ [           main] com.matin.adminpanel.AdminPanelApplication :
                Started AdminPanelApplication in 5.117 seconds (process running for 6.056)
[2023-06-22 00:23:56.227] INFO  DESKTOP-9D8RCUQ [nio-8282-exec-2] org.apache.catalina.core.ContainerBase.[Tomcat].[localhost].[/] :
                Initializing Spring DispatcherServlet 'dispatcherServlet'
[2023-06-22 00:23:56.229] INFO  DESKTOP-9D8RCUQ [nio-8282-exec-2] org.springframework.web.servlet.DispatcherServlet :
                Initializing Servlet 'dispatcherServlet'
[2023-06-22 00:23:56.234] INFO  DESKTOP-9D8RCUQ [nio-8282-exec-2] org.springframework.web.servlet.DispatcherServlet :
                Completed initialization in 4 ms
[2023-06-22 00:39:31.609] INFO  DESKTOP-9D8RCUQ [ionShutdownHook] org.springframework.orm.jpa.LocalContainerEntityManagerFactoryBean :
                Closing JPA EntityManagerFactory for persistence unit 'default'
[2023-06-22 00:39:31.614] INFO  DESKTOP-9D8RCUQ [ionShutdownHook] com.zaxxer.hikari.HikariDataSource :
                HikariPool-1 - Shutdown initiated...
[2023-06-22 00:39:31.622] INFO  DESKTOP-9D8RCUQ [ionShutdownHook] com.zaxxer.hikari.HikariDataSource :
                HikariPool-1 - Shutdown completed.
